<?xml version="1.0" encoding="UTF-8"?>
<!-- Generated by org.testng.reporters.JUnitReportReporter -->
<testsuite skipped="0" hostname="WKMGB6746970" name="wtt.comparator.ConversionTest" tests="3" failures="0" timestamp="26 Aug 2019 19:17:04 GMT" time="0.456" errors="0">
  <testcase name="Price_Conversion_Test_Pass" time="0.023" classname="wtt.comparator.ConversionTest"/>
  <testcase name="Price_Conversion_Test_Data_Additional_Product" time="0.410" classname="wtt.comparator.ConversionTest"/>
  <testcase name="Price_Conversion_Test_Data_Mismatch" time="0.023" classname="wtt.comparator.ConversionTest"/>
</testsuite> <!-- wtt.comparator.ConversionTest -->
